<?xml version="1.0" encoding="UTF-8" standalone="yes"?>
<rbac xmlns="http://geronimo.apache.org/xml/ns/rbac-xml">
    <user>
        <user-name>fred</user-name>
        <password>fred</password>
    </user>
    <scope>
        <scope-name>global</scope-name>
        <role>
            <role-name>role1</role-name>
            <sub-role role-name="role2" scope-name="app1"/>
            <sub-role role-name="role3" scope-name="app1"/>
            <permission-id>p1</permission-id>
        </role>
        <scope>
            <scope-name>app1</scope-name>
            <role>
                <role-name>role2</role-name>
                <sub-role role-name="role4"/>
                <permission-id>p2</permission-id>
            </role>
            <role>
                <role-name>role3</role-name>
                <permission-id>p3</permission-id>
            </role>
            <role>
                <role-name>role4</role-name>
                <permission-id>p4</permission-id>
            </role>
            <permission>
                <permission-id>p1</permission-id>
                <class>org.soter.rbac.model.TestPermission</class>
                <name>p1</name>
                <actions>foo</actions>
            </permission>
            <permission>
                <permission-id>p2</permission-id>
                <class>org.soter.rbac.model.TestPermission</class>
                <name>p2</name>
                <actions>bar</actions>
            </permission>
            <permission>
                <permission-id>p3</permission-id>
                <class>org.soter.rbac.model.TestPermission</class>
                <name>p3</name>
                <actions>foo</actions>
            </permission>
            <permission>
                <permission-id>p4</permission-id>
                <class>org.soter.rbac.model.TestPermission</class>
                <name>p4</name>
                <actions>bar</actions>
            </permission>
            <permission>
                <permission-id>p5</permission-id>
                <class>org.soter.rbac.model.TestPermission</class>
                <name>p5</name>
                <actions>foo</actions>
            </permission>
        </scope>
    </scope>
    <user-role>
        <user>fred</user>
        <role role-name="role3" scope-name="app1"/>
        <role role-name="role4" scope-name="app1"/>
    </user-role>
</rbac>